  CalibrationFunctions.cpp
  Unknown compiler version - please run the configure tests and report the results
C:\Program Files\PCL 1.8.1\3rdParty\FLANN\include\flann/util/serialization.h(484): warning C4996: 'fopen': This function or variable may be unsafe. Consider using fopen_s instead. To disable deprecation, use _CRT_SECURE_NO_WARNINGS. See online help for details.
  C:\Program Files (x86)\Windows Kits\10\Include\10.0.15063.0\ucrt\stdio.h(207): note: see declaration of 'fopen'
C:\Program Files\PCL 1.8.1\3rdParty\FLANN\include\flann/util/serialization.h(751): warning C4996: 'fopen': This function or variable may be unsafe. Consider using fopen_s instead. To disable deprecation, use _CRT_SECURE_NO_WARNINGS. See online help for details.
  C:\Program Files (x86)\Windows Kits\10\Include\10.0.15063.0\ucrt\stdio.h(207): note: see declaration of 'fopen'
C:\Program Files\PCL 1.8.1\3rdParty\FLANN\include\flann/util/saving.h(58): warning C4996: 'strcpy': This function or variable may be unsafe. Consider using strcpy_s instead. To disable deprecation, use _CRT_SECURE_NO_WARNINGS. See online help for details.
  C:\Program Files (x86)\Windows Kits\10\Include\10.0.15063.0\ucrt\string.h(136): note: see declaration of 'strcpy'
C:\Program Files\PCL 1.8.1\3rdParty\FLANN\include\flann/util/saving.h(60): warning C4996: 'strcpy': This function or variable may be unsafe. Consider using strcpy_s instead. To disable deprecation, use _CRT_SECURE_NO_WARNINGS. See online help for details.
  C:\Program Files (x86)\Windows Kits\10\Include\10.0.15063.0\ucrt\string.h(136): note: see declaration of 'strcpy'
C:\Program Files\PCL 1.8.1\3rdParty\FLANN\include\flann/util/logger.h(66): warning C4996: 'fopen': This function or variable may be unsafe. Consider using fopen_s instead. To disable deprecation, use _CRT_SECURE_NO_WARNINGS. See online help for details.
  C:\Program Files (x86)\Windows Kits\10\Include\10.0.15063.0\ucrt\stdio.h(207): note: see declaration of 'fopen'
C:\Program Files\PCL 1.8.1\include\pcl-1.8\pcl/sample_consensus/model_types.h(99): warning C4996: 'pcl::SAC_SAMPLE_SIZE': This map is deprecated and is kept only to prevent breaking existing user code. Starting from PCL 1.8.0 model sample size is a protected member of the SampleConsensusModel class
  C:\Program Files\PCL 1.8.1\include\pcl-1.8\pcl/sample_consensus/model_types.h(99): note: see declaration of 'pcl::SAC_SAMPLE_SIZE'
c:\users\edmond\documents\school\courses\fifthyear\engo500\ifthemapfits\calibrationalgorithm\boresightalgorithm\CalibrationFuntions.h(62): warning C4005: 'sind': macro redefinition
  c:\users\edmond\documents\school\courses\fifthyear\engo500\ifthemapfits\calibrationalgorithm\boresightalgorithm\LS.h(20): note: see previous definition of 'sind'
c:\users\edmond\documents\school\courses\fifthyear\engo500\ifthemapfits\calibrationalgorithm\boresightalgorithm\CalibrationFuntions.h(63): warning C4005: 'cosd': macro redefinition
  c:\users\edmond\documents\school\courses\fifthyear\engo500\ifthemapfits\calibrationalgorithm\boresightalgorithm\LS.h(21): note: see previous definition of 'cosd'
..\CalibrationFunctions.cpp(41): warning C4267: 'initializing': conversion from 'size_t' to 'int', possible loss of data
..\CalibrationFunctions.cpp(59): warning C4267: 'initializing': conversion from 'size_t' to 'int', possible loss of data
..\CalibrationFunctions.cpp(199): warning C4267: 'initializing': conversion from 'size_t' to 'int', possible loss of data
..\CalibrationFunctions.cpp(383): warning C4267: 'initializing': conversion from 'size_t' to 'int', possible loss of data
..\CalibrationFunctions.cpp(384): warning C4267: 'initializing': conversion from 'size_t' to 'int', possible loss of data
..\CalibrationFunctions.cpp(575): warning C4101: 'plane_dist': unreferenced local variable
..\CalibrationFunctions.cpp(570): warning C4101: 'del_omega': unreferenced local variable
..\CalibrationFunctions.cpp(575): warning C4101: 'best_prod': unreferenced local variable
..\CalibrationFunctions.cpp(570): warning C4101: 'del_kappa': unreferenced local variable
..\CalibrationFunctions.cpp(570): warning C4101: 'del_phi': unreferenced local variable
..\CalibrationFunctions.cpp(578): warning C4101: 'temp_orientation': unreferenced local variable
..\CalibrationFunctions.cpp(719): warning C4996: 'fopen': This function or variable may be unsafe. Consider using fopen_s instead. To disable deprecation, use _CRT_SECURE_NO_WARNINGS. See online help for details.
  C:\Program Files (x86)\Windows Kits\10\Include\10.0.15063.0\ucrt\stdio.h(207): note: see declaration of 'fopen'
..\CalibrationFunctions.cpp(1014): warning C4267: 'initializing': conversion from 'size_t' to 'int', possible loss of data
..\CalibrationFunctions.cpp(1079): warning C4101: 'del_omega': unreferenced local variable
..\CalibrationFunctions.cpp(1079): warning C4101: 'del_kappa': unreferenced local variable
..\CalibrationFunctions.cpp(1079): warning C4101: 'del_phi': unreferenced local variable
C:\Program Files\PCL 1.8.1\include\pcl-1.8\pcl/visualization/impl/point_cloud_color_handlers.hpp(549): warning C4267: 'argument': conversion from 'size_t' to 'unsigned int', possible loss of data
  C:\Program Files\PCL 1.8.1\include\pcl-1.8\pcl/visualization/impl/point_cloud_color_handlers.hpp(525): note: while compiling class template member function 'bool pcl::visualization::PointCloudColorHandlerLabelField<pcl::PointXYZL>::getColor(vtkSmartPointer<vtkDataArray> &) const'
  C:\Program Files\PCL 1.8.1\include\pcl-1.8\pcl/visualization/pcl_visualizer.h(907): note: see reference to class template instantiation 'pcl::visualization::PointCloudColorHandlerLabelField<pcl::PointXYZL>' being compiled
  C:\Program Files\PCL 1.8.1\3rdParty\Boost\include\boost-1_64\boost/bind/placeholders.hpp(54): note: see reference to class template instantiation 'boost::arg<9>' being compiled
  C:\Program Files\PCL 1.8.1\3rdParty\Boost\include\boost-1_64\boost/bind/placeholders.hpp(53): note: see reference to class template instantiation 'boost::arg<8>' being compiled
  C:\Program Files\PCL 1.8.1\3rdParty\Boost\include\boost-1_64\boost/bind/placeholders.hpp(52): note: see reference to class template instantiation 'boost::arg<7>' being compiled
  C:\Program Files\PCL 1.8.1\3rdParty\Boost\include\boost-1_64\boost/bind/placeholders.hpp(51): note: see reference to class template instantiation 'boost::arg<6>' being compiled
  C:\Program Files\PCL 1.8.1\3rdParty\Boost\include\boost-1_64\boost/bind/placeholders.hpp(50): note: see reference to class template instantiation 'boost::arg<5>' being compiled
  C:\Program Files\PCL 1.8.1\3rdParty\Boost\include\boost-1_64\boost/bind/placeholders.hpp(49): note: see reference to class template instantiation 'boost::arg<4>' being compiled
  C:\Program Files\PCL 1.8.1\3rdParty\Boost\include\boost-1_64\boost/bind/placeholders.hpp(48): note: see reference to class template instantiation 'boost::arg<3>' being compiled
  C:\Program Files\PCL 1.8.1\3rdParty\Boost\include\boost-1_64\boost/bind/placeholders.hpp(47): note: see reference to class template instantiation 'boost::arg<2>' being compiled
  C:\Program Files\PCL 1.8.1\3rdParty\Boost\include\boost-1_64\boost/bind/placeholders.hpp(46): note: see reference to class template instantiation 'boost::arg<1>' being compiled
D:\VisualStudios\VC\Tools\MSVC\14.11.25503\include\memory(53): warning C4996: 'std::uninitialized_copy::_Unchecked_iterators::_Deprecate': Call to 'std::uninitialized_copy' with parameters that may be unsafe - this call relies on the caller to check that the passed values are correct. To disable this warning, use -D_SCL_SECURE_NO_WARNINGS. See documentation on how to use Visual C++ 'Checked Iterators'
  D:\VisualStudios\VC\Tools\MSVC\14.11.25503\include\memory(53): note: see declaration of 'std::uninitialized_copy::_Unchecked_iterators::_Deprecate'
  C:\Program Files\PCL 1.8.1\3rdParty\Boost\include\boost-1_64\boost/signals2/detail/auto_buffer.hpp(191): note: see reference to function template instantiation '_FwdIt *std::uninitialized_copy<I,boost::shared_ptr<void>*>(_InIt,_InIt,_FwdIt)' being compiled
          with
          [
              _FwdIt=boost::shared_ptr<void> *,
              I=boost::shared_ptr<void> *,
              _InIt=boost::shared_ptr<void> *
          ]
  C:\Program Files\PCL 1.8.1\3rdParty\Boost\include\boost-1_64\boost/signals2/detail/auto_buffer.hpp(178): note: see reference to function template instantiation 'void boost::signals2::detail::auto_buffer<boost::shared_ptr<void>,boost::signals2::detail::store_n_objects<10>,boost::signals2::detail::default_grow_policy,std::allocator<T>>::copy_rai<I,false>(I,I,boost::shared_ptr<void> *,const boost::integral_constant<bool,false> &)' being compiled
          with
          [
              T=boost::shared_ptr<void>,
              I=boost::shared_ptr<void> *
          ]
  C:\Program Files\PCL 1.8.1\3rdParty\Boost\include\boost-1_64\boost/signals2/detail/auto_buffer.hpp(178): note: see reference to function template instantiation 'void boost::signals2::detail::auto_buffer<boost::shared_ptr<void>,boost::signals2::detail::store_n_objects<10>,boost::signals2::detail::default_grow_policy,std::allocator<T>>::copy_rai<I,false>(I,I,boost::shared_ptr<void> *,const boost::integral_constant<bool,false> &)' being compiled
          with
          [
              T=boost::shared_ptr<void>,
              I=boost::shared_ptr<void> *
          ]
  C:\Program Files\PCL 1.8.1\3rdParty\Boost\include\boost-1_64\boost/signals2/detail/auto_buffer.hpp(204): note: see reference to function template instantiation 'void boost::signals2::detail::auto_buffer<boost::shared_ptr<void>,boost::signals2::detail::store_n_objects<10>,boost::signals2::detail::default_grow_policy,std::allocator<T>>::copy_impl<I>(I,I,boost::shared_ptr<void> *,std::random_access_iterator_tag)' being compiled
          with
          [
              T=boost::shared_ptr<void>,
              I=boost::shared_ptr<void> *
          ]
  C:\Program Files\PCL 1.8.1\3rdParty\Boost\include\boost-1_64\boost/signals2/detail/auto_buffer.hpp(203): note: see reference to function template instantiation 'void boost::signals2::detail::auto_buffer<boost::shared_ptr<void>,boost::signals2::detail::store_n_objects<10>,boost::signals2::detail::default_grow_policy,std::allocator<T>>::copy_impl<I>(I,I,boost::shared_ptr<void> *,std::random_access_iterator_tag)' being compiled
          with
          [
              T=boost::shared_ptr<void>,
              I=boost::shared_ptr<void> *
          ]
  C:\Program Files\PCL 1.8.1\3rdParty\Boost\include\boost-1_64\boost/signals2/detail/auto_buffer.hpp(296): note: see reference to function template instantiation 'void boost::signals2::detail::auto_buffer<boost::shared_ptr<void>,boost::signals2::detail::store_n_objects<10>,boost::signals2::detail::default_grow_policy,std::allocator<T>>::copy_impl<boost::shared_ptr<void>*>(I,I,boost::shared_ptr<void> *)' being compiled
          with
          [
              T=boost::shared_ptr<void>,
              I=boost::shared_ptr<void> *
          ]
  C:\Program Files\PCL 1.8.1\3rdParty\Boost\include\boost-1_64\boost/signals2/detail/auto_buffer.hpp(296): note: see reference to function template instantiation 'void boost::signals2::detail::auto_buffer<boost::shared_ptr<void>,boost::signals2::detail::store_n_objects<10>,boost::signals2::detail::default_grow_policy,std::allocator<T>>::copy_impl<boost::shared_ptr<void>*>(I,I,boost::shared_ptr<void> *)' being compiled
          with
          [
              T=boost::shared_ptr<void>,
              I=boost::shared_ptr<void> *
          ]
  C:\Program Files\PCL 1.8.1\3rdParty\Boost\include\boost-1_64\boost/signals2/detail/auto_buffer.hpp(294): note: while compiling class template member function 'boost::shared_ptr<void> *boost::signals2::detail::auto_buffer<boost::shared_ptr<void>,boost::signals2::detail::store_n_objects<10>,boost::signals2::detail::default_grow_policy,std::allocator<T>>::move_to_new_buffer(unsigned __int64,const boost::true_type &)'
          with
          [
              T=boost::shared_ptr<void>
          ]
  C:\Program Files\PCL 1.8.1\3rdParty\Boost\include\boost-1_64\boost/signals2/detail/auto_buffer.hpp(302): note: see reference to function template instantiation 'boost::shared_ptr<void> *boost::signals2::detail::auto_buffer<boost::shared_ptr<void>,boost::signals2::detail::store_n_objects<10>,boost::signals2::detail::default_grow_policy,std::allocator<T>>::move_to_new_buffer(unsigned __int64,const boost::true_type &)' being compiled
          with
          [
              T=boost::shared_ptr<void>
          ]
  C:\Program Files\PCL 1.8.1\3rdParty\Boost\include\boost-1_64\boost/signals2/connection.hpp(53): note: see reference to class template instantiation 'boost::signals2::detail::auto_buffer<boost::shared_ptr<void>,boost::signals2::detail::store_n_objects<10>,boost::signals2::detail::default_grow_policy,std::allocator<T>>' being compiled
          with
          [
              T=boost::shared_ptr<void>
          ]
  C:\Program Files\PCL 1.8.1\3rdParty\Boost\include\boost-1_64\boost/signals2/connection.hpp(55): note: see reference to class template instantiation 'boost::signals2::detail::garbage_collecting_lock<Mutex>' being compiled
  boresight.vcxproj -> C:\Users\Edmond\Documents\School\Courses\FifthYear\ENGO500\CmakeTest\Build\Debug\boresight.exe
  boresight.vcxproj -> C:/Users/Edmond/Documents/School/Courses/FifthYear/ENGO500/CmakeTest/Build/Debug/boresight.pdb (Full PDB)
